Cleaning up database...
Seeding categories...
Seeding products...
PrismaClientValidationError: 
Invalid `prisma.product.create()` invocation in
C:\Users\pc\ECOM\prisma\seed.ts:321:30

  318 ]
  319 
  320 for (const prod of products) {
→ 321     await prisma.product.create({
            data: {
              name: "Pure Himalayan Shilajit",
              slug: "pure-himalayan-shilajit",
              description: "The \"Destroyer of Weakness\". A potent mineral resin known for boosting cellular energy and testosterone naturally.",
              price: 650,
              imageUrls: [
                "https://images.unsplash.com/photo-1563203369-231a74e50d75?q=80&w=1200&auto=format&fit=crop"
              ],
              categoryId: "cmmyf7hba0000rllbu1cp2saa",
              benefits: "Increases ATP production, improves absorption of other nutrients, and contains 85+ minerals.",
              usage: "Dissolve a pea-sized amount in warm water or milk in the morning.",
              sourcing: "Hand-collected from the high Himalayas at over 16,000 feet.",
              highlights: [
                "Mineral Rich",
                "Testosterone Support",
                "Energy Boost"
              ],
              stock: 50,
              featured: true,
              ~~~~~~~~
          ?   id?: String,
          ?   comparePrice?: Float | Null,
          ?   createdAt?: DateTime,
          ?   updatedAt?: DateTime,
          ?   orderItems?: OrderItemUncheckedCreateNestedManyWithoutProductInput
            }
          })

Unknown argument `featured`. Available options are marked with ?.
    at wn (C:\Users\pc\ECOM\node_modules\@prisma\client\runtime\library.js:29:1363)
    at $n.handleRequestError (C:\Users\pc\ECOM\node_modules\@prisma\client\runtime\library.js:121:6958)
    at $n.handleAndLogRequestError (C:\Users\pc\ECOM\node_modules\@prisma\client\runtime\library.js:121:6623)
    at $n.request (C:\Users\pc\ECOM\node_modules\@prisma\client\runtime\library.js:121:6307)
    at async l (C:\Users\pc\ECOM\node_modules\@prisma\client\runtime\library.js:130:9633)
    at async main (C:\Users\pc\ECOM\prisma\seed.ts:321:9) {
  clientVersion: '5.22.0'
}
